<?xml version="1.0" encoding="UTF-8"?>
<!-- Generated by org.testng.reporters.JUnitReportReporter -->
<testsuite hostname="DESKTOP-U0MVRFL" failures="0" tests="1" name="runTestWithCMD.FirstTest" time="6.442" errors="0" timestamp="2025-05-12T14:54:49 CDT" skipped="0">
  <testcase classname="runTestWithCMD.FirstTest" name="loginTest" time="6.442"/>
</testsuite> <!-- runTestWithCMD.FirstTest -->
