<?xml version="1.0" encoding="UTF-8"?>
<!-- Generated by org.testng.reporters.JUnitReportReporter -->
<testsuite hostname="DESKTOP-U0MVRFL" failures="0" tests="1" name="runTestWithCMD.FirstTest" time="7.146" errors="0" timestamp="2025-05-13T09:28:38 CDT" skipped="0">
  <testcase classname="runTestWithCMD.FirstTest" name="loginTest" time="7.146"/>
</testsuite> <!-- runTestWithCMD.FirstTest -->
